Determining if the pthread_create exist failed with the following output:
Change Dir: /home/alorli/WORK_SPACE_LCJ/catkin_ws_cartographer_new/protobuf/build/CMakeFiles/CMakeTmp

Run Build Command:"/usr/bin/ninja" "cmTC_81a86"
[1/2] Building C object CMakeFiles/cmTC_81a86.dir/CheckSymbolExists.c.o
[2/2] Linking C executable cmTC_81a86
FAILED: : && /usr/bin/cc     CMakeFiles/cmTC_81a86.dir/CheckSymbolExists.c.o  -o cmTC_81a86  -rdynamic && :
CMakeFiles/cmTC_81a86.dir/CheckSymbolExists.c.o：在函数‘main’中：
CheckSymbolExists.c:(.text+0x1b)：对‘pthread_create’未定义的引用
collect2: error: ld returned 1 exit status
ninja: build stopped: subcommand failed.

File /home/alorli/WORK_SPACE_LCJ/catkin_ws_cartographer_new/protobuf/build/CMakeFiles/CMakeTmp/CheckSymbolExists.c:
/* */
#include <pthread.h>

int main(int argc, char** argv)
{
  (void)argv;
#ifndef pthread_create
  return ((int*)(&pthread_create))[argc];
#else
  (void)argc;
  return 0;
#endif
}

Determining if the function pthread_create exists in the pthreads failed with the following output:
Change Dir: /home/alorli/WORK_SPACE_LCJ/catkin_ws_cartographer_new/protobuf/build/CMakeFiles/CMakeTmp

Run Build Command:"/usr/bin/ninja" "cmTC_ff8d5"
[1/2] Building C object CMakeFiles/cmTC_ff8d5.dir/CheckFunctionExists.c.o
[2/2] Linking C executable cmTC_ff8d5
FAILED: : && /usr/bin/cc  -DCHECK_FUNCTION_EXISTS=pthread_create   CMakeFiles/cmTC_ff8d5.dir/CheckFunctionExists.c.o  -o cmTC_ff8d5  -rdynamic -lpthreads && :
/usr/bin/ld: 找不到 -lpthreads
collect2: error: ld returned 1 exit status
ninja: build stopped: subcommand failed.


